<?xml version="1.0" encoding="UTF-8"?>
<!-- Generated by org.testng.reporters.JUnitXMLReporter -->
<testsuite ignored="0" hostname="DESKTOP-9BSPGAT" failures="0" tests="3" name="Default test" time="24.019" errors="0" timestamp="2022-05-18T17:35:22 IST">
  <testcase classname="com.comprehen.testCases.Titlepage" name="gift" time="4.949"/>
  <testcase classname="com.comprehen.testCases.Titlepage" name="title" time="0.819"/>
  <testcase classname="com.comprehen.testCases.Titlepage" name="urbanStore" time="9.386"/>
</testsuite> <!-- Default test -->
