<?xml version="1.0" encoding="UTF-8"?>
<!-- Generated by org.testng.reporters.JUnitXMLReporter -->
<testsuite ignored="0" hostname="DESKTOP-9BSPGAT" failures="0" tests="10" name="Test" time="107.336" errors="0" timestamp="2022-05-18T17:42:11 IST">
  <testcase classname="com.comprehen.testCases.Credentials" name="getexcel" time="9.404"/>
  <testcase classname="com.comprehen.testCases.Titlepage" name="gift" time="4.968"/>
  <testcase classname="com.comprehen.testCases.Titlepage" name="title" time="0.69"/>
  <testcase classname="com.comprehen.testCases.Titlepage" name="urbanStore" time="9.615"/>
  <testcase classname="com.comprehen.testCases.Home" name="page" time="6.4"/>
  <testcase classname="com.comprehen.testCases.Home" name="scroll" time="5.72"/>
  <testcase classname="com.comprehen.testCases.Login" name="login1" time="6.738"/>
  <testcase classname="com.comprehen.testCases.study" name="study1" time="2.439"/>
  <testcase classname="com.comprehen.testCases.Signin" name="sign" time="19.856"/>
  <testcase classname="com.comprehen.testCases.Privacy" name="policy" time="8.463"/>
</testsuite> <!-- Test -->
